{"C:\\Users\\Сергей\\Desktop\\frontend-project-46\\fileParser.js": {"path":"C:\\Users\\Сергей\\Desktop\\frontend-project-46\\fileParser.js","statementMap":{"0":{"start":{"line":5,"column":18},"end":{"line":9,"column":1}},"1":{"start":{"line":6,"column":23},"end":{"line":6,"column":45}},"2":{"start":{"line":7,"column":22},"end":{"line":7,"column":56}},"3":{"start":{"line":8,"column":2},"end":{"line":8,"column":33}},"4":{"start":{"line":11,"column":25},"end":{"line":11,"column":73}},"5":{"start":{"line":11,"column":47},"end":{"line":11,"column":73}},"6":{"start":{"line":13,"column":16},"end":{"line":37,"column":1}},"7":{"start":{"line":14,"column":16},"end":{"line":14,"column":36}},"8":{"start":{"line":15,"column":16},"end":{"line":15,"column":36}},"9":{"start":{"line":17,"column":15},"end":{"line":17,"column":62}},"10":{"start":{"line":18,"column":21},"end":{"line":18,"column":35}},"11":{"start":{"line":20,"column":15},"end":{"line":34,"column":31}},"12":{"start":{"line":21,"column":4},"end":{"line":23,"column":5}},"13":{"start":{"line":22,"column":6},"end":{"line":22,"column":52}},"14":{"start":{"line":24,"column":4},"end":{"line":26,"column":5}},"15":{"start":{"line":25,"column":6},"end":{"line":25,"column":52}},"16":{"start":{"line":27,"column":4},"end":{"line":32,"column":5}},"17":{"start":{"line":28,"column":6},"end":{"line":31,"column":19}},"18":{"start":{"line":33,"column":4},"end":{"line":33,"column":37}},"19":{"start":{"line":36,"column":2},"end":{"line":36,"column":25}}},"fnMap":{"0":{"name":"(anonymous_0)","decl":{"start":{"line":5,"column":18},"end":{"line":5,"column":19}},"loc":{"start":{"line":5,"column":32},"end":{"line":9,"column":1}},"line":5},"1":{"name":"(anonymous_1)","decl":{"start":{"line":11,"column":25},"end":{"line":11,"column":26}},"loc":{"start":{"line":11,"column":47},"end":{"line":11,"column":73}},"line":11},"2":{"name":"(anonymous_2)","decl":{"start":{"line":13,"column":16},"end":{"line":13,"column":17}},"loc":{"start":{"line":13,"column":42},"end":{"line":37,"column":1}},"line":13},"3":{"name":"(anonymous_3)","decl":{"start":{"line":20,"column":30},"end":{"line":20,"column":31}},"loc":{"start":{"line":20,"column":39},"end":{"line":34,"column":3}},"line":20}},"branchMap":{"0":{"loc":{"start":{"line":21,"column":4},"end":{"line":23,"column":5}},"type":"if","locations":[{"start":{"line":21,"column":4},"end":{"line":23,"column":5}},{"start":{},"end":{}}],"line":21},"1":{"loc":{"start":{"line":24,"column":4},"end":{"line":26,"column":5}},"type":"if","locations":[{"start":{"line":24,"column":4},"end":{"line":26,"column":5}},{"start":{},"end":{}}],"line":24},"2":{"loc":{"start":{"line":27,"column":4},"end":{"line":32,"column":5}},"type":"if","locations":[{"start":{"line":27,"column":4},"end":{"line":32,"column":5}},{"start":{},"end":{}}],"line":27}},"s":{"0":1,"1":2,"2":2,"3":2,"4":1,"5":5,"6":1,"7":1,"8":1,"9":1,"10":1,"11":1,"12":5,"13":2,"14":3,"15":1,"16":2,"17":1,"18":1,"19":1},"f":{"0":2,"1":5,"2":1,"3":5},"b":{"0":[2,3],"1":[1,2],"2":[1,1]},"inputSourceMap":null,"_coverageSchema":"1a1c01bbd47fc00a2c39e90264f33305004495a9","hash":"bd1e680ed79ea98c6011ca68e9f13876b6194051"}
}
